<?xml version="1.0" encoding="UTF-8"?>
<!-- Generated by org.testng.reporters.JUnitXMLReporter -->
<testsuite hostname="PRUNEEL" ignored="0" name="Test" tests="5" failures="0" timestamp="04 Jul 2021 18:47:09 GMT" time="27.53" errors="0">
  <testcase name="clickOnMobile" time="2.102" classname="tests.CompageMobileTest"/>
  <testcase name="clickOnCompare" time="4.157" classname="tests.CompageMobileTest"/>
  <testcase name="validityPopup" time="4.49" classname="tests.CompageMobileTest"/>
  <testcase name="validityMobileNames" time="0.065" classname="tests.CompageMobileTest"/>
  <testcase name="clickClose" time="0.064" classname="tests.CompageMobileTest"/>
</testsuite> <!-- Test -->
